<?xml version="1.0" encoding="UTF-8"?>
<!-- Generated by org.testng.reporters.JUnitReportReporter -->
<testsuite hostname="DESKTOP-B5H5CVQ" failures="0" tests="1" name="Com.ComOrg.OrgTest" time="0.015" errors="0" timestamp="22 Sep 2021 08:08:26 GMT" skipped="0">
  <testcase classname="Com.ComOrg.OrgTest" name="deleteOrgTest" time="0.015"/>
</testsuite> <!-- Com.ComOrg.OrgTest -->
